#
# A fatal error has been detected by the Java Runtime Environment:
#
#  EXCEPTION_ACCESS_VIOLATION (0xc0000005) at pc=0x0000000058b91b86, pid=35244, tid=0x00000000000050ec
#
# JRE version: OpenJDK Runtime Environment (8.0_112-b06) (build 1.8.0_112-release-b06)
# Java VM: OpenJDK 64-Bit Server VM (25.112-b06 mixed mode windows-amd64 compressed oops)
# Problematic frame:
# V  [jvm.dll+0x4a1b86]
#
# Failed to write core dump. Minidumps are not enabled by default on client versions of Windows
#
# If you would like to submit a bug report, please visit:
#   http://bugreport.java.com/bugreport/crash.jsp
#

---------------  T H R E A D  ---------------

Current thread (0x00000000171b9000):  JavaThread "C2 CompilerThread1" daemon [_thread_in_native, id=20716, stack(0x00000000178b0000,0x00000000179b0000)]

siginfo: ExceptionCode=0xc0000005, reading address 0xffffffffffffffff

Registers:
RAX=0x4000000058d3fa48, RBX=0x000000001d1b5e78, RCX=0x000000001d1b5f00, RDX=0x0000000000000002
RSP=0x00000000179abe30, RBP=0x0000000000000002, RSI=0x0000000000000002, RDI=0x000000001ab9dc10
R8 =0x00000000ffffffff, R9 =0x0000000000000001, R10=0x000000000000001a, R11=0x0000000000000000
R12=0x0000000000000001, R13=0x0000000000000000, R14=0x0000000000000010, R15=0x0000000000000002
RIP=0x0000000058b91b86, EFLAGS=0x0000000000010246

Top of Stack: (sp=0x00000000179abe30)
0x00000000179abe30:   0000000018c54a48 ffffffffffffffff
0x00000000179abe40:   0000000017253620 0000000017252648
0x00000000179abe50:   000000001d1b5e78 0000000058b1faf1
0x00000000179abe60:   000000001ab9dc10 00000000179ac270
0x00000000179abe70:   000000001b5fde90 ffffffffffffffff
0x00000000179abe80:   000000030000006f 000000001ab9dc10
0x00000000179abe90:   0000000000000040 000000000000006f
0x00000000179abea0:   0000000000000000 0000000000000000
0x00000000179abeb0:   00000000179abf80 00000000000003d8
0x00000000179abec0:   0000000017252648 0000000017252270
0x00000000179abed0:   00000000179ac000 0000000000000000
0x00000000179abee0:   00000000179ac270 0000000017252260
0x00000000179abef0:   00000000179ac380 0000000058b22aa9
0x00000000179abf00:   00000000179ac270 00000000179ac001
0x00000000179abf10:   00000000ffffffff 0000000000000008
0x00000000179abf20:   0000000000000002 0000000017252260 

Instructions: (pc=0x0000000058b91b86)
0x0000000058b91b66:   83 c4 20 5e c3 48 8b 43 38 48 89 7c 24 30 4c 89
0x0000000058b91b76:   64 24 38 48 8b 48 08 41 bc 01 00 00 00 48 8b 01
0x0000000058b91b86:   ff 50 08 8d 0c 30 3b e9 72 2e bf 08 00 00 00 66
0x0000000058b91b96:   66 66 0f 1f 84 00 00 00 00 00 48 8b 43 38 8b f1 


Register to memory mapping:

RAX=0x4000000058d3fa48 is an unknown value
RBX=0x000000001d1b5e78 is an unknown value
RCX=0x000000001d1b5f00 is an unknown value
RDX=0x0000000000000002 is an unknown value
RSP=0x00000000179abe30 is pointing into the stack for thread: 0x00000000171b9000
RBP=0x0000000000000002 is an unknown value
RSI=0x0000000000000002 is an unknown value
RDI=0x000000001ab9dc10 is an unknown value
R8 =0x00000000ffffffff is an unallocated location in the heap
R9 =0x0000000000000001 is an unknown value
R10=0x000000000000001a is an unknown value
R11=0x0000000000000000 is an unknown value
R12=0x0000000000000001 is an unknown value
R13=0x0000000000000000 is an unknown value
R14=0x0000000000000010 is an unknown value
R15=0x0000000000000002 is an unknown value


Stack: [0x00000000178b0000,0x00000000179b0000],  sp=0x00000000179abe30,  free space=1007k
Native frames: (J=compiled Java code, j=interpreted, Vv=VM code, C=native code)
V  [jvm.dll+0x4a1b86]
V  [jvm.dll+0x42faf1]
V  [jvm.dll+0x432aa9]
V  [jvm.dll+0x43d6bb]
V  [jvm.dll+0x43ff8e]
V  [jvm.dll+0x423242]
V  [jvm.dll+0x80b29]
V  [jvm.dll+0x8145f]
V  [jvm.dll+0x21be7f]
V  [jvm.dll+0x26c13a]
C  [msvcr100.dll+0x21d9f]
C  [msvcr100.dll+0x21e3b]
C  [KERNEL32.DLL+0x8364]
C  [ntdll.dll+0x670d1]


Current CompileTask:
C2:  14101 4040       4       org.gradle.model.internal.type.ModelType::wrap (219 bytes)


---------------  P R O C E S S  ---------------

Java Threads: ( => current thread )
  0x000000001a742000 JavaThread "File lock request listener" [_thread_in_native, id=27092, stack(0x000000001b2f0000,0x000000001b3f0000)]
  0x0000000018969000 JavaThread "Stdin handler" [_thread_blocked, id=34372, stack(0x000000001a020000,0x000000001a120000)]
  0x0000000018e88800 JavaThread "Asynchronous log dispatcher for DefaultDaemonConnection: socket connection from /127.0.0.1:18033 to /127.0.0.1:18035" [_thread_blocked, id=30392, stack(0x0000000019f20000,0x000000001a020000)]
  0x0000000018e83000 JavaThread "Daemon worker" [_thread_in_vm, id=33980, stack(0x0000000019e20000,0x0000000019f20000)]
  0x0000000018b38800 JavaThread "pool-1-thread-1" [_thread_blocked, id=13096, stack(0x0000000019d20000,0x0000000019e20000)]
  0x0000000018b38000 JavaThread "Cancel handler" [_thread_blocked, id=40772, stack(0x0000000019c20000,0x0000000019d20000)]
  0x000000001905b000 JavaThread "Handler for socket connection from /127.0.0.1:18033 to /127.0.0.1:18035" [_thread_in_native, id=7844, stack(0x0000000019b20000,0x0000000019c20000)]
  0x000000001905a800 JavaThread "Daemon" [_thread_blocked, id=36700, stack(0x0000000019a20000,0x0000000019b20000)]
  0x0000000018ec6800 JavaThread "Incoming local TCP Connector on port 18033" [_thread_in_native, id=39616, stack(0x0000000019680000,0x0000000019780000)]
  0x000000001722f800 JavaThread "Service Thread" daemon [_thread_blocked, id=39968, stack(0x0000000017ab0000,0x0000000017bb0000)]
  0x0000000017202000 JavaThread "C1 CompilerThread2" daemon [_thread_in_vm, id=13960, stack(0x00000000179b0000,0x0000000017ab0000)]
=>0x00000000171b9000 JavaThread "C2 CompilerThread1" daemon [_thread_in_native, id=20716, stack(0x00000000178b0000,0x00000000179b0000)]
  0x0000000015ddc800 JavaThread "C2 CompilerThread0" daemon [_thread_blocked, id=28728, stack(0x00000000177b0000,0x00000000178b0000)]
  0x0000000015e28800 JavaThread "Attach Listener" daemon [_thread_blocked, id=38332, stack(0x00000000176b0000,0x00000000177b0000)]
  0x00000000171b8800 JavaThread "Signal Dispatcher" daemon [_thread_blocked, id=42240, stack(0x00000000175b0000,0x00000000176b0000)]
  0x000000000242b800 JavaThread "Finalizer" daemon [_thread_blocked, id=44008, stack(0x0000000017020000,0x0000000017120000)]
  0x0000000002420800 JavaThread "Reference Handler" daemon [_thread_blocked, id=19960, stack(0x0000000016f20000,0x0000000017020000)]
  0x0000000002330800 JavaThread "main" [_thread_blocked, id=29328, stack(0x0000000002210000,0x0000000002310000)]

Other Threads:
  0x0000000015d95000 VMThread [stack: 0x0000000016e20000,0x0000000016f20000] [id=43420]
  0x0000000017232000 WatcherThread [stack: 0x0000000017bb0000,0x0000000017cb0000] [id=30932]

VM state:not at safepoint (normal execution)

VM Mutex/Monitor currently owned by a thread: None

Heap:
 PSYoungGen      total 93696K, used 64088K [0x00000000e0000000, 0x00000000e8780000, 0x0000000100000000)
  eden space 82944K, 77% used [0x00000000e0000000,0x00000000e3e96100,0x00000000e5100000)
  from space 10752K, 0% used [0x00000000e5100000,0x00000000e5100000,0x00000000e5b80000)
  to   space 14336K, 0% used [0x00000000e7980000,0x00000000e7980000,0x00000000e8780000)
 ParOldGen       total 206848K, used 17693K [0x00000000a0000000, 0x00000000aca00000, 0x00000000e0000000)
  object space 206848K, 8% used [0x00000000a0000000,0x00000000a11474f8,0x00000000aca00000)
 Metaspace       used 38968K, capacity 39764K, committed 40064K, reserved 1083392K
  class space    used 5151K, capacity 5373K, committed 5504K, reserved 1048576K

Card table byte_map: [0x0000000011800000,0x0000000011b10000] byte_map_base: 0x0000000011300000

Marking Bits: (ParMarkBitMap*) 0x0000000058eb18f0
 Begin Bits: [0x0000000012110000, 0x0000000013910000)
 End Bits:   [0x0000000013910000, 0x0000000015110000)

Polling page: 0x0000000002310000

CodeCache: size=245760Kb used=14520Kb max_used=15019Kb free=231239Kb
 bounds [0x0000000002440000, 0x0000000003300000, 0x0000000011440000]
 total_blobs=4550 nmethods=3837 adapters=625
 compilation: enabled

Compilation events (10 events):
Event: 14.065 Thread 0x0000000015ddc800 nmethod 4172 0x00000000027fb590 code [0x00000000027fb6e0, 0x00000000027fb868]
Event: 14.069 Thread 0x0000000017202000 4173   !   3       java.util.Locale::getDefault (132 bytes)
Event: 14.069 Thread 0x0000000017202000 nmethod 4173 0x000000000272d350 code [0x000000000272d520, 0x000000000272dd38]
Event: 14.079 Thread 0x0000000017202000 4174       3       sun.util.locale.provider.DecimalFormatSymbolsProviderImpl::getInstance (21 bytes)
Event: 14.079 Thread 0x0000000017202000 nmethod 4174 0x0000000002595790 code [0x0000000002595920, 0x0000000002595cb8]
Event: 14.079 Thread 0x0000000017202000 4180  s    3       java.util.Stack::peek (25 bytes)
Event: 14.080 Thread 0x0000000017202000 nmethod 4180 0x00000000025f9510 code [0x00000000025f96a0, 0x00000000025f9cd8]
Event: 14.080 Thread 0x0000000017202000 4175       3       sun.util.locale.provider.LocaleResources::getDecimalFormatSymbolsData (213 bytes)
Event: 14.083 Thread 0x0000000017202000 nmethod 4175 0x0000000002741650 code [0x0000000002741b00, 0x0000000002745318]
Event: 14.083 Thread 0x0000000017202000 4176       3       java.util.Currency::getInstance (234 bytes)

GC Heap History (10 events):
Event: 6.437 GC heap before
{Heap before GC invocations=3 (full 1):
 PSYoungGen      total 76288K, used 10749K [0x00000000e0000000, 0x00000000e5500000, 0x0000000100000000)
  eden space 65536K, 0% used [0x00000000e0000000,0x00000000e0000000,0x00000000e4000000)
  from space 10752K, 99% used [0x00000000e4a80000,0x00000000e54ff7e0,0x00000000e5500000)
  to   space 10752K, 0% used [0x00000000e4000000,0x00000000e4000000,0x00000000e4a80000)
 ParOldGen       total 175104K, used 1681K [0x00000000a0000000, 0x00000000aab00000, 0x00000000e0000000)
  object space 175104K, 0% used [0x00000000a0000000,0x00000000a01a47e0,0x00000000aab00000)
 Metaspace       used 20725K, capacity 21134K, committed 21296K, reserved 1067008K
  class space    used 2800K, capacity 2916K, committed 2944K, reserved 1048576K
Event: 6.541 GC heap after
Heap after GC invocations=3 (full 1):
 PSYoungGen      total 76288K, used 0K [0x00000000e0000000, 0x00000000e5500000, 0x0000000100000000)
  eden space 65536K, 0% used [0x00000000e0000000,0x00000000e0000000,0x00000000e4000000)
  from space 10752K, 0% used [0x00000000e4a80000,0x00000000e4a80000,0x00000000e5500000)
  to   space 10752K, 0% used [0x00000000e4000000,0x00000000e4000000,0x00000000e4a80000)
 ParOldGen       total 125440K, used 12013K [0x00000000a0000000, 0x00000000a7a80000, 0x00000000e0000000)
  object space 125440K, 9% used [0x00000000a0000000,0x00000000a0bbb630,0x00000000a7a80000)
 Metaspace       used 20725K, capacity 21134K, committed 21296K, reserved 1067008K
  class space    used 2800K, capacity 2916K, committed 2944K, reserved 1048576K
}
Event: 8.821 GC heap before
{Heap before GC invocations=4 (full 1):
 PSYoungGen      total 76288K, used 65536K [0x00000000e0000000, 0x00000000e5500000, 0x0000000100000000)
  eden space 65536K, 100% used [0x00000000e0000000,0x00000000e4000000,0x00000000e4000000)
  from space 10752K, 0% used [0x00000000e4a80000,0x00000000e4a80000,0x00000000e5500000)
  to   space 10752K, 0% used [0x00000000e4000000,0x00000000e4000000,0x00000000e4a80000)
 ParOldGen       total 125440K, used 12013K [0x00000000a0000000, 0x00000000a7a80000, 0x00000000e0000000)
  object space 125440K, 9% used [0x00000000a0000000,0x00000000a0bbb630,0x00000000a7a80000)
 Metaspace       used 26420K, capacity 26922K, committed 27136K, reserved 1073152K
  class space    used 3635K, capacity 3812K, committed 3840K, reserved 1048576K
Event: 8.829 GC heap after
Heap after GC invocations=4 (full 1):
 PSYoungGen      total 76288K, used 7570K [0x00000000e0000000, 0x00000000e6600000, 0x0000000100000000)
  eden space 65536K, 0% used [0x00000000e0000000,0x00000000e0000000,0x00000000e4000000)
  from space 10752K, 70% used [0x00000000e4000000,0x00000000e4764b08,0x00000000e4a80000)
  to   space 10752K, 0% used [0x00000000e5b80000,0x00000000e5b80000,0x00000000e6600000)
 ParOldGen       total 125440K, used 12021K [0x00000000a0000000, 0x00000000a7a80000, 0x00000000e0000000)
  object space 125440K, 9% used [0x00000000a0000000,0x00000000a0bbd630,0x00000000a7a80000)
 Metaspace       used 26420K, capacity 26922K, committed 27136K, reserved 1073152K
  class space    used 3635K, capacity 3812K, committed 3840K, reserved 1048576K
}
Event: 10.525 GC heap before
{Heap before GC invocations=5 (full 1):
 PSYoungGen      total 76288K, used 73106K [0x00000000e0000000, 0x00000000e6600000, 0x0000000100000000)
  eden space 65536K, 100% used [0x00000000e0000000,0x00000000e4000000,0x00000000e4000000)
  from space 10752K, 70% used [0x00000000e4000000,0x00000000e4764b08,0x00000000e4a80000)
  to   space 10752K, 0% used [0x00000000e5b80000,0x00000000e5b80000,0x00000000e6600000)
 ParOldGen       total 125440K, used 12021K [0x00000000a0000000, 0x00000000a7a80000, 0x00000000e0000000)
  object space 125440K, 9% used [0x00000000a0000000,0x00000000a0bbd630,0x00000000a7a80000)
 Metaspace       used 29890K, capacity 30480K, committed 30720K, reserved 1075200K
  class space    used 4074K, capacity 4246K, committed 4352K, reserved 1048576K
Event: 10.538 GC heap after
Heap after GC invocations=5 (full 1):
 PSYoungGen      total 93696K, used 7163K [0x00000000e0000000, 0x00000000e6700000, 0x0000000100000000)
  eden space 82944K, 0% used [0x00000000e0000000,0x00000000e0000000,0x00000000e5100000)
  from space 10752K, 66% used [0x00000000e5b80000,0x00000000e627ec98,0x00000000e6600000)
  to   space 10752K, 0% used [0x00000000e5100000,0x00000000e5100000,0x00000000e5b80000)
 ParOldGen       total 125440K, used 12021K [0x00000000a0000000, 0x00000000a7a80000, 0x00000000e0000000)
  object space 125440K, 9% used [0x00000000a0000000,0x00000000a0bbd630,0x00000000a7a80000)
 Metaspace       used 29890K, capacity 30480K, committed 30720K, reserved 1075200K
  class space    used 4074K, capacity 4246K, committed 4352K, reserved 1048576K
}
Event: 12.790 GC heap before
{Heap before GC invocations=6 (full 1):
 PSYoungGen      total 93696K, used 48500K [0x00000000e0000000, 0x00000000e6700000, 0x0000000100000000)
  eden space 82944K, 49% used [0x00000000e0000000,0x00000000e285e3d0,0x00000000e5100000)
  from space 10752K, 66% used [0x00000000e5b80000,0x00000000e627ec98,0x00000000e6600000)
  to   space 10752K, 0% used [0x00000000e5100000,0x00000000e5100000,0x00000000e5b80000)
 ParOldGen       total 125440K, used 12021K [0x00000000a0000000, 0x00000000a7a80000, 0x00000000e0000000)
  object space 125440K, 9% used [0x00000000a0000000,0x00000000a0bbd630,0x00000000a7a80000)
 Metaspace       used 34754K, capacity 35456K, committed 35496K, reserved 1079296K
  class space    used 4625K, capacity 4839K, committed 4864K, reserved 1048576K
Event: 12.818 GC heap after
Heap after GC invocations=6 (full 1):
 PSYoungGen      total 93696K, used 10738K [0x00000000e0000000, 0x00000000e8780000, 0x0000000100000000)
  eden space 82944K, 0% used [0x00000000e0000000,0x00000000e0000000,0x00000000e5100000)
  from space 10752K, 99% used [0x00000000e5100000,0x00000000e5b7c878,0x00000000e5b80000)
  to   space 14336K, 0% used [0x00000000e7980000,0x00000000e7980000,0x00000000e8780000)
 ParOldGen       total 125440K, used 12494K [0x00000000a0000000, 0x00000000a7a80000, 0x00000000e0000000)
  object space 125440K, 9% used [0x00000000a0000000,0x00000000a0c339a8,0x00000000a7a80000)
 Metaspace       used 34754K, capacity 35456K, committed 35496K, reserved 1079296K
  class space    used 4625K, capacity 4839K, committed 4864K, reserved 1048576K
}
Event: 12.818 GC heap before
{Heap before GC invocations=7 (full 2):
 PSYoungGen      total 93696K, used 10738K [0x00000000e0000000, 0x00000000e8780000, 0x0000000100000000)
  eden space 82944K, 0% used [0x00000000e0000000,0x00000000e0000000,0x00000000e5100000)
  from space 10752K, 99% used [0x00000000e5100000,0x00000000e5b7c878,0x00000000e5b80000)
  to   space 14336K, 0% used [0x00000000e7980000,0x00000000e7980000,0x00000000e8780000)
 ParOldGen       total 125440K, used 12494K [0x00000000a0000000, 0x00000000a7a80000, 0x00000000e0000000)
  object space 125440K, 9% used [0x00000000a0000000,0x00000000a0c339a8,0x00000000a7a80000)
 Metaspace       used 34754K, capacity 35456K, committed 35496K, reserved 1079296K
  class space    used 4625K, capacity 4839K, committed 4864K, reserved 1048576K
Event: 12.923 GC heap after
Heap after GC invocations=7 (full 2):
 PSYoungGen      total 93696K, used 0K [0x00000000e0000000, 0x00000000e8780000, 0x0000000100000000)
  eden space 82944K, 0% used [0x00000000e0000000,0x00000000e0000000,0x00000000e5100000)
  from space 10752K, 0% used [0x00000000e5100000,0x00000000e5100000,0x00000000e5b80000)
  to   space 14336K, 0% used [0x00000000e7980000,0x00000000e7980000,0x00000000e8780000)
 ParOldGen       total 206848K, used 17693K [0x00000000a0000000, 0x00000000aca00000, 0x00000000e0000000)
  object space 206848K, 8% used [0x00000000a0000000,0x00000000a11474f8,0x00000000aca00000)
 Metaspace       used 34723K, capacity 35336K, committed 35496K, reserved 1079296K
  class space    used 4616K, capacity 4799K, committed 4864K, reserved 1048576K
}

Deoptimization events (10 events):
Event: 12.260 Thread 0x0000000018e83000 Uncommon trap: reason=class_check action=maybe_recompile pc=0x0000000002d06dbc method=java.util.Hashtable.get(Ljava/lang/Object;)Ljava/lang/Object; @ 6
Event: 12.263 Thread 0x0000000018e83000 Uncommon trap: reason=class_check action=maybe_recompile pc=0x0000000002d06dbc method=java.util.Hashtable.get(Ljava/lang/Object;)Ljava/lang/Object; @ 6
Event: 12.674 Thread 0x0000000018e83000 Uncommon trap: reason=unloaded action=reinterpret pc=0x000000000312bde0 method=java.util.regex.Pattern.newSingle(I)Ljava/util/regex/Pattern$CharProperty; @ 63
Event: 12.688 Thread 0x0000000018e83000 Uncommon trap: reason=unstable_if action=reinterpret pc=0x0000000002e5c750 method=java.lang.Integer.valueOf(I)Ljava/lang/Integer; @ 3
Event: 13.298 Thread 0x0000000018e83000 Uncommon trap: reason=unstable_if action=reinterpret pc=0x000000000292afcc method=java.util.HashMap.putVal(ILjava/lang/Object;Ljava/lang/Object;ZZ)Ljava/lang/Object; @ 162
Event: 13.298 Thread 0x0000000018e83000 Uncommon trap: reason=unstable_if action=reinterpret pc=0x0000000002e2e4bc method=java.util.HashMap.putVal(ILjava/lang/Object;Ljava/lang/Object;ZZ)Ljava/lang/Object; @ 162
Event: 13.298 Thread 0x0000000018e83000 Uncommon trap: reason=unstable_if action=reinterpret pc=0x0000000002f39050 method=java.util.HashMap.putVal(ILjava/lang/Object;Ljava/lang/Object;ZZ)Ljava/lang/Object; @ 162
Event: 13.298 Thread 0x0000000018e83000 Uncommon trap: reason=unstable_if action=reinterpret pc=0x00000000026dfd74 method=java.util.HashMap.resize()[Ljava/util/HashMap$Node; @ 206
Event: 13.418 Thread 0x0000000018e83000 Uncommon trap: reason=unstable_if action=reinterpret pc=0x000000000320bbc0 method=java.lang.reflect.Modifier.toString(I)Ljava/lang/String; @ 123
Event: 13.418 Thread 0x0000000018e83000 Uncommon trap: reason=unstable_if action=reinterpret pc=0x000000000320fad0 method=java.lang.reflect.Modifier.toString(I)Ljava/lang/String; @ 123

Internal exceptions (10 events):
Event: 12.057 Thread 0x0000000018e83000 Exception <a 'java/lang/ClassNotFoundException': org/gradle/api/ScriptCustomizer> (0x00000000e0f3e8e8) thrown at [C:\src\android\AOSP-openjdk\external\jetbrains\jdk\hotspot\src\share\vm\classfile\systemDictionary.cpp, line 210]
Event: 12.059 Thread 0x0000000018e83000 Exception <a 'java/lang/ClassNotFoundException': org/gradle/api/internal/file/FileOperationsBeanInfo> (0x00000000e0f87570) thrown at [C:\src\android\AOSP-openjdk\external\jetbrains\jdk\hotspot\src\share\vm\classfile\systemDictionary.cpp, line 210]
Event: 12.059 Thread 0x0000000018e83000 Exception <a 'java/lang/ClassNotFoundException': org/gradle/api/internal/file/FileOperationsCustomizer> (0x00000000e0faf840) thrown at [C:\src\android\AOSP-openjdk\external\jetbrains\jdk\hotspot\src\share\vm\classfile\systemDictionary.cpp, line 210]
Event: 12.063 Thread 0x0000000018e83000 Exception <a 'java/lang/ClassNotFoundException': org/gradle/api/internal/ProcessOperationsBeanInfo> (0x00000000e0ff2e10) thrown at [C:\src\android\AOSP-openjdk\external\jetbrains\jdk\hotspot\src\share\vm\classfile\systemDictionary.cpp, line 210]
Event: 12.064 Thread 0x0000000018e83000 Exception <a 'java/lang/ClassNotFoundException': org/gradle/api/internal/ProcessOperationsCustomizer> (0x00000000e101a660) thrown at [C:\src\android\AOSP-openjdk\external\jetbrains\jdk\hotspot\src\share\vm\classfile\systemDictionary.cpp, line 210]
Event: 12.597 Thread 0x0000000018e83000 Exception <a 'java/lang/ClassNotFoundException': build_6qiwaof1olghsm8mr349e6jkrBeanInfo> (0x00000000e2061a48) thrown at [C:\src\android\AOSP-openjdk\external\jetbrains\jdk\hotspot\src\share\vm\classfile\systemDictionary.cpp, line 210]
Event: 12.597 Thread 0x0000000018e83000 Exception <a 'java/lang/ClassNotFoundException': build_6qiwaof1olghsm8mr349e6jkrCustomizer> (0x00000000e2071c60) thrown at [C:\src\android\AOSP-openjdk\external\jetbrains\jdk\hotspot\src\share\vm\classfile\systemDictionary.cpp, line 210]
Event: 14.082 Thread 0x0000000018e83000 Exception <a 'java/lang/ClassNotFoundException': com/android/build/gradle/internal/api/DefaultAndroidSourceSet_DecoratedBeanInfo> (0x00000000e3ca6458) thrown at [C:\src\android\AOSP-openjdk\external\jetbrains\jdk\hotspot\src\share\vm\classfile\systemDictioCÊB­î),@
Event: 14.082 Thread 0x0000000018e83000 Exception <a 'java/lang/ClassNotFoundException': com/android/build/gradle/internal/api/DefaultAndroidSourceSetBeanInfo> (0x00000000e3cba0e8) thrown at [C:\src\android\AOSP-openjdk\external\jetbrains\jdk\hotspot\src\share\vm\classfile\systemDictionary.cpp, '8Ž*,@
Event: 14.082 Thread 0x0000000018e83000 Exception <a 'java/lang/ClassNotFoundException': com/android/build/gradle/internal/api/DefaultAndroidSourceSetCustomizer> (0x00000000e3cce0b8) thrown at [C:\src\android\AOSP-openjdk\external\jetbrains\jdk\hotspot\src\share\vm\classfile\systemDictionary.cpp9
B´((@

Events (10 events):
Event: 14.082 loading class com/android/build/gradle/internal/api/DefaultAndroidSourceSetBeanInfo done
Event: 14.082 loading class com/android/build/gradle/internal/api/DefaultAndroidSourceSetCustomizer
Event: 14.082 loading class com/android/build/gradle/internal/api/DefaultAndroidSourceSetCustomizer done
Event: 14.082 loading class com/android/build/gradle/internal/api/DefaultAndroidSourceSetCustomizer
Event: 14.082 loading class com/android/build/gradle/internal/api/DefaultAndroidSourceSetCustomizer done
Event: 14.083 Thread 0x0000000017202000 flushing nmethod 0x0000000002cfe490
Event: 14.083 Thread 0x0000000017202000 flushing nmethod 0x0000000002cfe810
Event: 14.083 Thread 0x0000000017202000 flushing nmethod 0x0000000002d03210
Event: 14.083 Thread 0x0000000017202000 flushing nmethod 0x0000000002d04650
Event: 14.083 Thread 0x0000000017202000 flushing nmethod 0x0000000002d6e8d0


Dynamic libraries:
0x00007ff71c8a0000 - 0x00007ff71c8d1000 	C:\Program Files\Android\Android Studio\jre\bin\java.exe
0x00007ffc5c020000 - 0x00007ffc5c1f1000 	C:\WINDOWS\SYSTEM32\ntdll.dll
0x00007ffc5aee0000 - 0x00007ffc5af8c000 	C:\WINDOWS\System32\KERNEL32.DLL
0x00007ffc4dd10000 - 0x00007ffc4dd43000 	C:\Program Files\AVAST Software\Avast\x64\aswhooka.dll
0x00007ffc58930000 - 0x00007ffc58b4d000 	C:\WINDOWS\System32\KERNELBASE.dll
0x00007ffc5b060000 - 0x00007ffc5b102000 	C:\WINDOWS\System32\ADVAPI32.dll
0x00007ffc5afc0000 - 0x00007ffc5b05e000 	C:\WINDOWS\System32\msvcrt.dll
0x00007ffc5ab20000 - 0x00007ffc5ab79000 	C:\WINDOWS\System32\sechost.dll
0x00007ffc5b6a0000 - 0x00007ffc5b7c1000 	C:\WINDOWS\System32\RPCRT4.dll
0x00007ffc5b870000 - 0x00007ffc5b9d5000 	C:\WINDOWS\System32\USER32.dll
0x00007ffc59230000 - 0x00007ffc5924e000 	C:\WINDOWS\System32\win32u.dll
0x00007ffc595c0000 - 0x00007ffc595f4000 	C:\WINDOWS\System32\GDI32.dll
0x00007ffc59420000 - 0x00007ffc595a2000 	C:\WINDOWS\System32\gdi32full.dll
0x00007ffc4e010000 - 0x00007ffc4e28a000 	C:\WINDOWS\WinSxS\amd64_microsoft.windows.common-controls_6595b64144ccf1df_6.0.14393.953_none_42151e83c686086b\COMCTL32.dll
0x00007ffc5ac10000 - 0x00007ffc5aed8000 	C:\WINDOWS\System32\combase.dll
0x00007ffc58790000 - 0x00007ffc58885000 	C:\WINDOWS\System32\ucrtbase.dll
0x00007ffc585c0000 - 0x00007ffc5862a000 	C:\WINDOWS\System32\bcryptPrimitives.dll
0x00007ffc5af90000 - 0x00007ffc5afbe000 	C:\WINDOWS\System32\IMM32.DLL
0x0000000058610000 - 0x00000000586e2000 	C:\Program Files\Android\Android Studio\jre\jre\bin\msvcr100.dll
0x00000000586f0000 - 0x0000000058f2c000 	C:\Program Files\Android\Android Studio\jre\jre\bin\server\jvm.dll
0x00007ffc5ab10000 - 0x00007ffc5ab18000 	C:\WINDOWS\System32\PSAPI.DLL
0x00007ffc55170000 - 0x00007ffc55179000 	C:\WINDOWS\SYSTEM32\WSOCK32.dll
0x00007ffc5be50000 - 0x00007ffc5beba000 	C:\WINDOWS\System32\WS2_32.dll
0x00007ffc55f50000 - 0x00007ffc55f73000 	C:\WINDOWS\SYSTEM32\WINMM.dll
0x00007ffc569c0000 - 0x00007ffc569ca000 	C:\WINDOWS\SYSTEM32\VERSION.dll
0x00007ffc55f20000 - 0x00007ffc55f4b000 	C:\WINDOWS\SYSTEM32\WINMMBASE.dll
0x00007ffc58510000 - 0x00007ffc58552000 	C:\WINDOWS\System32\cfgmgr32.dll
0x00007ffc4b2a0000 - 0x00007ffc4b2af000 	C:\Program Files\Android\Android Studio\jre\jre\bin\verify.dll
0x00007ffc2c610000 - 0x00007ffc2c639000 	C:\Program Files\Android\Android Studio\jre\jre\bin\java.dll
0x00007ffc2db50000 - 0x00007ffc2db66000 	C:\Program Files\Android\Android Studio\jre\jre\bin\zip.dll
0x00007ffc59600000 - 0x00007ffc5ab08000 	C:\WINDOWS\System32\SHELL32.dll
0x00007ffc58b50000 - 0x00007ffc5922a000 	C:\WINDOWS\System32\windows.storage.dll
0x00007ffc584a0000 - 0x00007ffc584ec000 	C:\WINDOWS\System32\powrprof.dll
0x00007ffc5bdf0000 - 0x00007ffc5be42000 	C:\WINDOWS\System32\shlwapi.dll
0x00007ffc58480000 - 0x00007ffc5848f000 	C:\WINDOWS\System32\kernel.appcore.dll
0x00007ffc58630000 - 0x00007ffc586d9000 	C:\WINDOWS\System32\shcore.dll
0x00007ffc584f0000 - 0x00007ffc58504000 	C:\WINDOWS\System32\profapi.dll
0x00007ffc259b0000 - 0x00007ffc259ca000 	C:\Program Files\Android\Android Studio\jre\jre\bin\net.dll
0x00007ffc57ab0000 - 0x00007ffc57b0c000 	C:\WINDOWS\system32\mswsock.dll
0x00007ffc226c0000 - 0x00007ffc226d1000 	C:\Program Files\Android\Android Studio\jre\jre\bin\nio.dll
0x00007ffc17a40000 - 0x00007ffc17a5e000 	C:\Users\puish\.gradle\native\23\windows-amd64\native-platform.dll
0x00007ffc57ee0000 - 0x00007ffc57ef7000 	C:\WINDOWS\SYSTEM32\CRYPTSP.dll
0x00007ffc576b0000 - 0x00007ffc576e3000 	C:\WINDOWS\system32\rsaenh.dll
0x00007ffc57eb0000 - 0x00007ffc57edb000 	C:\WINDOWS\SYSTEM32\bcrypt.dll
0x00007ffc57930000 - 0x00007ffc5794f000 	C:\WINDOWS\SYSTEM32\USERENV.dll
0x00007ffc57c50000 - 0x00007ffc57c5b000 	C:\WINDOWS\SYSTEM32\CRYPTBASE.dll
0x00007ffc57830000 - 0x00007ffc57868000 	C:\WINDOWS\SYSTEM32\IPHLPAPI.DLL
0x00007ffc5ac00000 - 0x00007ffc5ac08000 	C:\WINDOWS\System32\NSI.dll
0x00007ffc530c0000 - 0x00007ffc530d6000 	C:\WINDOWS\SYSTEM32\dhcpcsvc6.DLL
0x00007ffc530a0000 - 0x00007ffc530ba000 	C:\WINDOWS\SYSTEM32\dhcpcsvc.DLL
0x00007ffc46950000 - 0x00007ffc4695d000 	C:\Program Files\Android\Android Studio\jre\jre\bin\management.dll
0x00007ffc57f60000 - 0x00007ffc580f2000 	C:\WINDOWS\SYSTEM32\dbghelp.dll

VM Arguments:
jvm_args: -Xmx1536m -Dfile.encoding=x-windows-950 -Duser.country=TW -Duser.language=zh -Duser.variant 
java_command: org.gradle.launcher.daemon.bootstrap.GradleDaemon 3.3
java_class_path (initial): C:\Users\puish\.gradle\wrapper\dists\gradle-3.3-all\55gk2rcmfc6p2dg9u9ohc3hw9\gradle-3.3\lib\gradle-launcher-3.3.jar
Launcher Type: SUN_STANDARD

Environment Variables:
JAVA_HOME=C:\Program Files\Java\jdk1.8.0_91
PATH=C:\ProgramData\Oracle\Java\javapath;C:\Windows\system32;C:\Windows;C:\Windows\System32\Wbem;C:\Windows\System32\WindowsPowerShell\v1.0\;C:\Program Files (x86)\NVIDIA Corporation\PhysX\Common;C:\Program Files\Microsoft SQL Server\130\Tools\Binn\;C:\Program Files\Microsoft SQL Server\Client SDK\ODBC\130\Tools\Binn\;C:\Program Files (x86)\Microsoft SQL Server\130\Tools\Binn\;C:\Program Files\Microsoft SQL Server\130\DTS\Binn\;C:\Program Files (x86)\Microsoft SQL Server\Client SDK\ODBC\130\Tools\Binn\;C:\Program Files (x86)\Microsoft SQL Server\130\DTS\Binn\;C:\Program Files (x86)\Microsoft SQL Server\130\Tools\Binn\ManagementStudio\;C:\WINDOWS\system32;C:\WINDOWS;C:\WINDOWS\System32\Wbem;C:\WINDOWS\System32\WindowsPowerShell\;C:\Program Files\MongoDB\Server\3.4\bin;C:\Program Files\dotnet\;C:\Program Files\Git\cmd;C:\Program Files\nodejs\;C:\Program Files (x86)\Skype\Phone\;C:\Program Files (x86)\Microsoft VS Code\bin;C:\Users\puish\AppData\Local\Microsoft\WindowsApps;D:\Android\sdk2/tools;C:\Program Files\Java\jdk1.8.0_91/bin;C:\Users\puish\AppData\Local\atom\bin;D:\Android\sdk2/platform-tools;C:\Users\puish\AppData\Roaming\npm;C:\OpenSSL-Win64\bin
USERNAME=puish
OS=Windows_NT
PROCESSOR_IDENTIFIER=Intel64 Family 6 Model 60 Stepping 3, GenuineIntel



---------------  S Y S T E M  ---------------

OS: Windows 10.0 , 64 bit Build 14393 (10.0.14393.1198)

CPU:total 4 (4 cores per cpu, 1 threads per core) family 6 model 60 stepping 3, cmov, cx8, fxsr, mmx, sse, sse2, sse3, ssse3, sse4.1, sse4.2, popcnt, avx, avx2, aes, clmul, erms, lzcnt, tsc, tscinvbit, bmi1, bmi2

Memory: 4k page, physical 16674976k(5872012k free), swap 40792224k(24221980k free)

vm_info: OpenJDK 64-Bit Server VM (25.112-b06) for windows-amd64 JRE (1.8.0_112-release-b06), built on Dec  8 2016 00:54:26 by "builder" with MS VC++ 10.0 (VS2010)

time: Thu May 25 19:11:55 2017
elapsed time: 14 seconds (0d 0h 0m 14s)

